M5 Raw Data Cleaning — 2026-03-22T21:51:24.849417
============================================================

  Loading calendar from calendar.xlsx...
  Filled 1,807 missing values in 'event_name_1'
  Filled 1,807 missing values in 'event_type_1'
  Filled 1,964 missing values in 'event_name_2'
  Filled 1,964 missing values in 'event_type_2'
Calendar: (1969, 14) → (1969, 17), saved to /Users/adarsh/Library/CloudStorage/OneDrive-TUSMM/m5-demand-forecasting/data_cleaned/calendar_cleaned.csv
  Loading sales data from sales_train_validation.csv...
  Keeping ALL stores: 30,490 items across 10 stores
  Keeping ALL 30,490 items (no sampling)
  Removed 27441 duplicate items
Sales: (30490, 1919) → (3049, 1919), saved to /Users/adarsh/Library/CloudStorage/OneDrive-TUSMM/m5-demand-forecasting/data_cleaned/sales_train_validation_cleaned.csv
  Loading prices from sell_prices.csv...
  Keeping ALL stores: 6,841,121 records
  Filtered to 3049 valid items: 6,841,121 records (from 6,841,121)
Prices: (6841121, 4) → (6841121, 4), saved to /Users/adarsh/Library/CloudStorage/OneDrive-TUSMM/m5-demand-forecasting/data_cleaned/sell_prices_cleaned.csv

Cleaning complete in 10.2s
Calendar:  1,969 rows
Sales:     3,049 rows
Prices:    6,841,121 rows
